<?xml version="1.0" encoding="UTF-8"?>
<!-- Generated by org.testng.reporters.JUnitReportReporter -->
<testsuite hostname="LAPTOP-SKH3S9LG" failures="0" tests="2" name="qtrecognition2.LoginTest" time="4.001" errors="0" timestamp="2021-12-23T17:58:34 IST" skipped="0">
  <testcase classname="qtrecognition2.LoginTest" name="Login" time="3.994"/>
  <system-out/>
  <testcase classname="qtrecognition2.LoginTest" name="VerifyTitle" time="0.007"/>
  <system-out/>
</testsuite> <!-- qtrecognition2.LoginTest -->
